Using pre-set license
Built from '2022.3/release' branch; Version is '2022.3.20f1 (61c2feb0970d) revision 6406910'; Using compiler version '192829333'; Build Type 'Release'
OS: 'Windows 11  (10.0.22631) 64bit Core' Language: 'en' Physical Memory: 16265 MB
BatchMode: 1, IsHumanControllingUs: 0, StartBugReporterOnCrash: 0, Is64bit: 1, IsPro: 1

COMMAND LINE ARGUMENTS:
C:\Program Files\Unity\Hub\Editor\2022.3.20f1\Editor\Unity.exe
-adb2
-batchMode
-noUpm
-name
AssetImportWorker1
-projectPath
C:/Users/Gebruiker/Desktop/DeepDive
-logFile
Logs/AssetImportWorker1.log
-srvPort
64954
Successfully changed project path to: C:/Users/Gebruiker/Desktop/DeepDive
C:/Users/Gebruiker/Desktop/DeepDive
[UnityMemory] Configuration Parameters - Can be set up in boot.config
    "memorysetup-bucket-allocator-granularity=16"
    "memorysetup-bucket-allocator-bucket-count=8"
    "memorysetup-bucket-allocator-block-size=33554432"
    "memorysetup-bucket-allocator-block-count=8"
    "memorysetup-main-allocator-block-size=16777216"
    "memorysetup-thread-allocator-block-size=16777216"
    "memorysetup-gfx-main-allocator-block-size=16777216"
    "memorysetup-gfx-thread-allocator-block-size=16777216"
    "memorysetup-cache-allocator-block-size=4194304"
    "memorysetup-typetree-allocator-block-size=2097152"
    "memorysetup-profiler-bucket-allocator-granularity=16"
    "memorysetup-profiler-bucket-allocator-bucket-count=8"
    "memorysetup-profiler-bucket-allocator-block-size=33554432"
    "memorysetup-profiler-bucket-allocator-block-count=8"
    "memorysetup-profiler-allocator-block-size=16777216"
    "memorysetup-profiler-editor-allocator-block-size=1048576"
    "memorysetup-temp-allocator-size-main=16777216"
    "memorysetup-job-temp-allocator-block-size=2097152"
    "memorysetup-job-temp-allocator-block-size-background=1048576"
    "memorysetup-job-temp-allocator-reduction-small-platforms=262144"
    "memorysetup-allocator-temp-initial-block-size-main=262144"
    "memorysetup-allocator-temp-initial-block-size-worker=262144"
    "memorysetup-temp-allocator-size-background-worker=32768"
    "memorysetup-temp-allocator-size-job-worker=262144"
    "memorysetup-temp-allocator-size-preload-manager=33554432"
    "memorysetup-temp-allocator-size-nav-mesh-worker=65536"
    "memorysetup-temp-allocator-size-audio-worker=65536"
    "memorysetup-temp-allocator-size-cloud-worker=32768"
    "memorysetup-temp-allocator-size-gi-baking-worker=262144"
    "memorysetup-temp-allocator-size-gfx=262144"
Player connection [66100] Host "[IP] 192.168.178.83 [Port] 0 [Flags] 2 [Guid] 1207629797 [EditorId] 1207629797 [Version] 1048832 [Id] WindowsEditor(7,DESKTOP-O5MQAJ4) [Debug] 1 [PackageName] WindowsEditor [ProjectName] Editor" joined multi-casting on [225.0.0.222:54997]...

Player connection [66100] Host "[IP] 192.168.178.83 [Port] 0 [Flags] 2 [Guid] 1207629797 [EditorId] 1207629797 [Version] 1048832 [Id] WindowsEditor(7,DESKTOP-O5MQAJ4) [Debug] 1 [PackageName] WindowsEditor [ProjectName] Editor" joined alternative multi-casting on [225.0.0.222:34997]...

[Physics::Module] Initialized MultithreadedJobDispatcher with 11 workers.
Refreshing native plugins compatible for Editor in 6.54 ms, found 3 plugins.
Preloading 0 native plugins for Editor in 0.00 ms.
Initialize engine version: 2022.3.20f1 (61c2feb0970d)
[Subsystems] Discovering subsystems at path C:/Program Files/Unity/Hub/Editor/2022.3.20f1/Editor/Data/Resources/UnitySubsystems
[Subsystems] Discovering subsystems at path C:/Users/Gebruiker/Desktop/DeepDive/Assets
GfxDevice: creating device client; threaded=0; jobified=0
Direct3D:
    Version:  Direct3D 11.0 [level 11.1]
    Renderer: NVIDIA GeForce RTX 3060 Ti (ID=0x2489)
    Vendor:   NVIDIA
    VRAM:     8024 MB
    Driver:   31.0.15.5152
Initialize mono
Mono path[0] = 'C:/Program Files/Unity/Hub/Editor/2022.3.20f1/Editor/Data/Managed'
Mono path[1] = 'C:/Program Files/Unity/Hub/Editor/2022.3.20f1/Editor/Data/MonoBleedingEdge/lib/mono/unityjit-win32'
Mono config path = 'C:/Program Files/Unity/Hub/Editor/2022.3.20f1/Editor/Data/MonoBleedingEdge/etc'
Using monoOptions --debugger-agent=transport=dt_socket,embedding=1,server=y,suspend=n,address=127.0.0.1:56536
Begin MonoManager ReloadAssembly
Registering precompiled unity dll's ...
Register platform support module: C:/Program Files/Unity/Hub/Editor/2022.3.20f1/Editor/Data/PlaybackEngines/AndroidPlayer/UnityEditor.Android.Extensions.dll
Register platform support module: C:/Program Files/Unity/Hub/Editor/2022.3.20f1/Editor/Data/PlaybackEngines/WindowsStandaloneSupport/UnityEditor.WindowsStandalone.Extensions.dll
Registered in 0.006956 seconds.
- Loaded All Assemblies, in  0.392 seconds
Native extension for WindowsStandalone target not found
Native extension for Android target not found
Android Extension - Scanning For ADB Devices 1708 ms
Mono: successfully reloaded assembly
- Finished resetting the current domain, in  2.001 seconds
Domain Reload Profiling: 2391ms
	BeginReloadAssembly (140ms)
		ExecutionOrderSort (0ms)
		DisableScriptedObjects (0ms)
		BackupInstance (0ms)
		ReleaseScriptingObjects (0ms)
		CreateAndSetChildDomain (1ms)
	RebuildCommonClasses (32ms)
	RebuildNativeTypeToScriptingClass (9ms)
	initialDomainReloadingComplete (53ms)
	LoadAllAssembliesAndSetupDomain (155ms)
		LoadAssemblies (140ms)
		RebuildTransferFunctionScriptingTraits (0ms)
		AnalyzeDomain (151ms)
			TypeCache.Refresh (150ms)
				TypeCache.ScanAssembly (135ms)
			ScanForSourceGeneratedMonoScriptInfo (0ms)
			ResolveRequiredComponents (0ms)
	FinalizeReload (2001ms)
		ReleaseScriptCaches (0ms)
		RebuildScriptCaches (0ms)
		SetupLoadedEditorAssemblies (1955ms)
			LogAssemblyErrors (0ms)
			InitializePlatformSupportModulesInManaged (1813ms)
			SetLoadedEditorAssemblies (3ms)
			RefreshPlugins (0ms)
			BeforeProcessingInitializeOnLoad (2ms)
			ProcessInitializeOnLoadAttributes (97ms)
			ProcessInitializeOnLoadMethodAttributes (39ms)
			AfterProcessingInitializeOnLoad (0ms)
			EditorAssembliesLoaded (0ms)
		ExecutionOrderSort2 (0ms)
		AwakeInstancesAfterBackupRestoration (0ms)
========================================================================
Worker process is ready to serve import requests
Begin MonoManager ReloadAssembly
- Loaded All Assemblies, in  0.551 seconds
Refreshing native plugins compatible for Editor in 2.45 ms, found 3 plugins.
Native extension for WindowsStandalone target not found
Native extension for Android target not found
Package Manager log level set to [2]
[Package Manager] Server::EnsureServerProcessIsRunning -- launch failed, reason: Unity was launched with the -noUpm command-line argument
[Package Manager] UpmClient::Send -- Unable to send message (not connected to UPM process).
[Package Manager] Cannot connect to Unity Package Manager local server
Mono: successfully reloaded assembly
- Finished resetting the current domain, in  0.474 seconds
Domain Reload Profiling: 1024ms
	BeginReloadAssembly (119ms)
		ExecutionOrderSort (0ms)
		DisableScriptedObjects (4ms)
		BackupInstance (0ms)
		ReleaseScriptingObjects (0ms)
		CreateAndSetChildDomain (17ms)
	RebuildCommonClasses (27ms)
	RebuildNativeTypeToScriptingClass (9ms)
	initialDomainReloadingComplete (36ms)
	LoadAllAssembliesAndSetupDomain (359ms)
		LoadAssemblies (272ms)
		RebuildTransferFunctionScriptingTraits (0ms)
		AnalyzeDomain (155ms)
			TypeCache.Refresh (141ms)
				TypeCache.ScanAssembly (127ms)
			ScanForSourceGeneratedMonoScriptInfo (11ms)
			ResolveRequiredComponents (3ms)
	FinalizeReload (475ms)
		ReleaseScriptCaches (0ms)
		RebuildScriptCaches (0ms)
		SetupLoadedEditorAssemblies (344ms)
			LogAssemblyErrors (0ms)
			InitializePlatformSupportModulesInManaged (20ms)
			SetLoadedEditorAssemblies (2ms)
			RefreshPlugins (0ms)
			BeforeProcessingInitializeOnLoad (55ms)
			ProcessInitializeOnLoadAttributes (243ms)
			ProcessInitializeOnLoadMethodAttributes (18ms)
			AfterProcessingInitializeOnLoad (5ms)
			EditorAssembliesLoaded (0ms)
		ExecutionOrderSort2 (0ms)
		AwakeInstancesAfterBackupRestoration (6ms)
Launched and connected shader compiler UnityShaderCompiler.exe after 0.03 seconds
Refreshing native plugins compatible for Editor in 2.54 ms, found 3 plugins.
Preloading 0 native plugins for Editor in 0.00 ms.
Unloading 3100 Unused Serialized files (Serialized files now loaded: 0)
Unloading 32 unused Assets / (57.0 KB). Loaded Objects now: 3564.
Memory consumption went from 128.0 MB to 128.0 MB.
Total: 2.298600 ms (FindLiveObjects: 0.172600 ms CreateObjectMapping: 0.083300 ms MarkObjects: 1.966600 ms  DeleteObjects: 0.075200 ms)

AssetImportParameters requested are different than current active one (requested -> active):
  custom:container-demuxer-ogg: 62fdf1f143b41e24485cea50d1cbac27 -> 
  custom:video-decoder-ogg-theora: a1e56fd34408186e4bbccfd4996cb3dc -> 
  custom:framework-win-MediaFoundation: 216162199b28c13a410421893ffa2e32 -> 
  custom:CustomObjectIndexerAttribute: 6d391050e5a25f67b0a2c618074f2cd9 -> 
  custom:container-demuxer-webm: 4f35f7cbe854078d1ac9338744f61a02 -> 
  custom:container-muxer-webm: aa71ff27fc2769a1b78a27578f13a17b -> 
  custom:video-decoder-webm-vp8: 9c59270c3fd7afecdb556c50c9e8de78 -> 
  custom:SearchIndexIgnoredProperties: e643bd26f0fe6173181afceb89e7c659 -> 
  custom:AudioImporter_EditorPlatform: d09bf68614088b80899f8185d706f6e7 -> 
  custom:video-encoder-webm-vp8: eb34c28f22e8b96e1ab97ce403110664 -> 
  custom:audio-decoder-ogg-vorbis: bf7c407c2cedff20999df2af8eb42d56 -> 
  custom:audio-encoder-webm-vorbis: bf7c407c2cedff20999df2af8eb42d56 -> 
========================================================================
Received Import Request.
  Time since last request: 2814236.987702 seconds.
  path: Assets/Prefabs/Loot_MovementSpeed_2.prefab
  artifactKey: Guid(61a558f071b54e341a78acfa12f68d9c) Importer(815301076,1909f56bfc062723c751e8b465ee728b)
Start importing Assets/Prefabs/Loot_MovementSpeed_2.prefab using Guid(61a558f071b54e341a78acfa12f68d9c) Importer(815301076,1909f56bfc062723c751e8b465ee728b)  -> (artifact id: '75aba61ec63eb59d54f83fbad3b91088') in 0.074238 seconds
Number of updated asset objects reloaded before import = 0
Number of asset objects unloaded after import = 96
========================================================================
Received Import Request.
  Time since last request: 0.000087 seconds.
  path: Assets/Prefabs/Loot_Attack_1.prefab
  artifactKey: Guid(d9aa3c8b8fdca264bbb33b48bb22c7ba) Importer(815301076,1909f56bfc062723c751e8b465ee728b)
Start importing Assets/Prefabs/Loot_Attack_1.prefab using Guid(d9aa3c8b8fdca264bbb33b48bb22c7ba) Importer(815301076,1909f56bfc062723c751e8b465ee728b)  -> (artifact id: '9cf8ede53178ff5b4818d490fd23a264') in 0.013533 seconds
Number of updated asset objects reloaded before import = 0
Number of asset objects unloaded after import = 65
========================================================================
Received Import Request.
  Time since last request: 0.000019 seconds.
  path: Assets/Prefabs/Loot_Defense_2.prefab
  artifactKey: Guid(e88d8c01fd89d07439c53ad1818bf971) Importer(815301076,1909f56bfc062723c751e8b465ee728b)
Start importing Assets/Prefabs/Loot_Defense_2.prefab using Guid(e88d8c01fd89d07439c53ad1818bf971) Importer(815301076,1909f56bfc062723c751e8b465ee728b)  -> (artifact id: 'a6a5551634ca75adceb06b0ba539caf7') in 0.013522 seconds
Number of updated asset objects reloaded before import = 0
Number of asset objects unloaded after import = 64
========================================================================
Received Import Request.
  Time since last request: 0.000013 seconds.
  path: Assets/Prefabs/Loot_CurrentHp_2.prefab
  artifactKey: Guid(fc30cf7d830177d41b7ccbaecf59e88d) Importer(815301076,1909f56bfc062723c751e8b465ee728b)
Start importing Assets/Prefabs/Loot_CurrentHp_2.prefab using Guid(fc30cf7d830177d41b7ccbaecf59e88d) Importer(815301076,1909f56bfc062723c751e8b465ee728b)  -> (artifact id: '8365fdfea925a739b155c15a6edfed1d') in 0.011178 seconds
Number of updated asset objects reloaded before import = 0
Number of asset objects unloaded after import = 64
========================================================================
Received Import Request.
  Time since last request: 0.000016 seconds.
  path: Assets/Prefabs/Loot_Spell_O.prefab
  artifactKey: Guid(caa03c8322976e14d80e6928ec233e13) Importer(815301076,1909f56bfc062723c751e8b465ee728b)
Start importing Assets/Prefabs/Loot_Spell_O.prefab using Guid(caa03c8322976e14d80e6928ec233e13) Importer(815301076,1909f56bfc062723c751e8b465ee728b)  -> (artifact id: '2ccf61d96a799b0dcba4a8aa7db77272') in 0.012908 seconds
Number of updated asset objects reloaded before import = 0
Number of asset objects unloaded after import = 39
========================================================================
Received Import Request.
  Time since last request: 0.000021 seconds.
  path: Assets/Prefabs/Loot_CurrentHp_1.prefab
  artifactKey: Guid(e8d5be520a1d0524bbe9e679ed2fc5f4) Importer(815301076,1909f56bfc062723c751e8b465ee728b)
Start importing Assets/Prefabs/Loot_CurrentHp_1.prefab using Guid(e8d5be520a1d0524bbe9e679ed2fc5f4) Importer(815301076,1909f56bfc062723c751e8b465ee728b)  -> (artifact id: 'd8d6efa936ba7822446376637326f564') in 0.012089 seconds
Number of updated asset objects reloaded before import = 0
Number of asset objects unloaded after import = 64
========================================================================
Received Import Request.
  Time since last request: 0.000015 seconds.
  path: Assets/Prefabs/Loot_Attack_2.prefab
  artifactKey: Guid(1d283662e1896994d892b487286ba468) Importer(815301076,1909f56bfc062723c751e8b465ee728b)
Start importing Assets/Prefabs/Loot_Attack_2.prefab using Guid(1d283662e1896994d892b487286ba468) Importer(815301076,1909f56bfc062723c751e8b465ee728b)  -> (artifact id: '3d84289847dfa787b1a686eb8d4bf0f6') in 0.013168 seconds
Number of updated asset objects reloaded before import = 0
Number of asset objects unloaded after import = 65
========================================================================
Received Import Request.
  Time since last request: 0.000036 seconds.
  path: Assets/Prefabs/Loot_CurrentHp_3.prefab
  artifactKey: Guid(ad79a900f390fe440aa9101512d981a0) Importer(815301076,1909f56bfc062723c751e8b465ee728b)
Start importing Assets/Prefabs/Loot_CurrentHp_3.prefab using Guid(ad79a900f390fe440aa9101512d981a0) Importer(815301076,1909f56bfc062723c751e8b465ee728b)  -> (artifact id: 'bae49eb630d94ff544117a2b325986b5') in 0.012724 seconds
Number of updated asset objects reloaded before import = 0
Number of asset objects unloaded after import = 64
========================================================================
Received Import Request.
  Time since last request: 0.000019 seconds.
  path: Assets/Prefabs/Loot_StaminaRegeneration_2.prefab
  artifactKey: Guid(2c057a841fe4cbd4aa4255521746f3bf) Importer(815301076,1909f56bfc062723c751e8b465ee728b)
Start importing Assets/Prefabs/Loot_StaminaRegeneration_2.prefab using Guid(2c057a841fe4cbd4aa4255521746f3bf) Importer(815301076,1909f56bfc062723c751e8b465ee728b)  -> (artifact id: '4e2de8a6e7cb0d27bd00fba703325bd3') in 0.010890 seconds
Number of updated asset objects reloaded before import = 0
Number of asset objects unloaded after import = 96
========================================================================
Received Import Request.
  Time since last request: 0.000015 seconds.
  path: Assets/Prefabs/Loot_CurrentMana_1.prefab
  artifactKey: Guid(0e3a8f69f67b3d34aa801f6e7ea70cdd) Importer(815301076,1909f56bfc062723c751e8b465ee728b)
Start importing Assets/Prefabs/Loot_CurrentMana_1.prefab using Guid(0e3a8f69f67b3d34aa801f6e7ea70cdd) Importer(815301076,1909f56bfc062723c751e8b465ee728b)  -> (artifact id: '3f860261e70aa3ff4277ef98395a2f65') in 0.011414 seconds
Number of updated asset objects reloaded before import = 0
Number of asset objects unloaded after import = 63
========================================================================
Received Import Request.
  Time since last request: 0.000018 seconds.
  path: Assets/Prefabs/Loot_Spell_MusicNote.prefab
  artifactKey: Guid(d06b57f19e91f6e4da45562d86120b64) Importer(815301076,1909f56bfc062723c751e8b465ee728b)
Start importing Assets/Prefabs/Loot_Spell_MusicNote.prefab using Guid(d06b57f19e91f6e4da45562d86120b64) Importer(815301076,1909f56bfc062723c751e8b465ee728b)  -> (artifact id: '5d76579f472df4e4ad76b01592542fb3') in 0.010805 seconds
Number of updated asset objects reloaded before import = 0
Number of asset objects unloaded after import = 44
========================================================================
Received Import Request.
  Time since last request: 108.014495 seconds.
  path: Assets/Materials/attack_sparkle_2.mat
  artifactKey: Guid(34443db853348f34bae7d5d5b93f7a0f) Importer(815301076,1909f56bfc062723c751e8b465ee728b)
Start importing Assets/Materials/attack_sparkle_2.mat using Guid(34443db853348f34bae7d5d5b93f7a0f) Importer(815301076,1909f56bfc062723c751e8b465ee728b)  -> (artifact id: '17782d47e27f401ebd40c0eed20960f6') in 0.030767 seconds
Number of updated asset objects reloaded before import = 0
Number of asset objects unloaded after import = 1
========================================================================
Received Import Request.
  Time since last request: 0.000021 seconds.
  path: Assets/Materials/outer_mana_1.mat
  artifactKey: Guid(a07495fb711d1bf4db82177ff8a40fb5) Importer(815301076,1909f56bfc062723c751e8b465ee728b)
Start importing Assets/Materials/outer_mana_1.mat using Guid(a07495fb711d1bf4db82177ff8a40fb5) Importer(815301076,1909f56bfc062723c751e8b465ee728b)  -> (artifact id: '5d9fe948881ef9ab0640f18eaebe7ec4') in 0.011128 seconds
Number of updated asset objects reloaded before import = 0
Number of asset objects unloaded after import = 1
========================================================================
Received Import Request.
  Time since last request: 0.000018 seconds.
  path: Assets/Materials/outer_defense_1.mat
  artifactKey: Guid(1d058970675b8a1418efecc0af72860a) Importer(815301076,1909f56bfc062723c751e8b465ee728b)
Start importing Assets/Materials/outer_defense_1.mat using Guid(1d058970675b8a1418efecc0af72860a) Importer(815301076,1909f56bfc062723c751e8b465ee728b)  -> (artifact id: '7e0d6796787e07bc7903855ddb3232d8') in 0.008294 seconds
Number of updated asset objects reloaded before import = 0
Number of asset objects unloaded after import = 1
========================================================================
Received Import Request.
  Time since last request: 0.000031 seconds.
  path: Assets/Materials/outer_hp_1.mat
  artifactKey: Guid(41853432441d942409376bf0a07353a0) Importer(815301076,1909f56bfc062723c751e8b465ee728b)
Start importing Assets/Materials/outer_hp_1.mat using Guid(41853432441d942409376bf0a07353a0) Importer(815301076,1909f56bfc062723c751e8b465ee728b)  -> (artifact id: 'ea5da1f4ef00f70ee5eb7e40e422d0aa') in 0.010338 seconds
Number of updated asset objects reloaded before import = 0
Number of asset objects unloaded after import = 1
========================================================================
Received Import Request.
  Time since last request: 0.000013 seconds.
  path: Assets/Materials/moveSpeed_sparkle_2.mat
  artifactKey: Guid(51a48c39465bc624aaa19d49b30b8ccb) Importer(815301076,1909f56bfc062723c751e8b465ee728b)
Start importing Assets/Materials/moveSpeed_sparkle_2.mat using Guid(51a48c39465bc624aaa19d49b30b8ccb) Importer(815301076,1909f56bfc062723c751e8b465ee728b)  -> (artifact id: 'ea8ed1fed88ce954ee5b4967a619de11') in 0.009373 seconds
Number of updated asset objects reloaded before import = 0
Number of asset objects unloaded after import = 1
========================================================================
Received Import Request.
  Time since last request: 0.000017 seconds.
  path: Assets/Materials/outer_moveSpeed_2.mat
  artifactKey: Guid(63c419a597bad5849b9b422c03930f3d) Importer(815301076,1909f56bfc062723c751e8b465ee728b)
Start importing Assets/Materials/outer_moveSpeed_2.mat using Guid(63c419a597bad5849b9b422c03930f3d) Importer(815301076,1909f56bfc062723c751e8b465ee728b)  -> (artifact id: '201728861d1000d38b4ac6f5e8e889be') in 0.009457 seconds
Number of updated asset objects reloaded before import = 0
Number of asset objects unloaded after import = 1
========================================================================
Received Import Request.
  Time since last request: 0.000017 seconds.
  path: Assets/Materials/sparkle.png
  artifactKey: Guid(02b1a2f97b830424eb19cae5fd4b4c24) Importer(815301076,1909f56bfc062723c751e8b465ee728b)
Start importing Assets/Materials/sparkle.png using Guid(02b1a2f97b830424eb19cae5fd4b4c24) Importer(815301076,1909f56bfc062723c751e8b465ee728b)  -> (artifact id: '7272d486a7029c1815f93c09dc2aae2d') in 0.023251 seconds
Number of updated asset objects reloaded before import = 0
Number of asset objects unloaded after import = 2
========================================================================
Received Import Request.
  Time since last request: 0.000016 seconds.
  path: Assets/Materials/outer_stamina_1.mat
  artifactKey: Guid(152a6d61c0ca2f84d83a6e657dc67a3f) Importer(815301076,1909f56bfc062723c751e8b465ee728b)
Start importing Assets/Materials/outer_stamina_1.mat using Guid(152a6d61c0ca2f84d83a6e657dc67a3f) Importer(815301076,1909f56bfc062723c751e8b465ee728b)  -> (artifact id: 'dc2b56b9ec2c50d5d878b0ddb8aa0b05') in 0.009408 seconds
Number of updated asset objects reloaded before import = 0
Number of asset objects unloaded after import = 1
========================================================================
Received Import Request.
  Time since last request: 0.000022 seconds.
  path: Assets/Materials/outer_mana_2.mat
  artifactKey: Guid(77c2b98f21fe24049ab60fc44a8e010d) Importer(815301076,1909f56bfc062723c751e8b465ee728b)
Start importing Assets/Materials/outer_mana_2.mat using Guid(77c2b98f21fe24049ab60fc44a8e010d) Importer(815301076,1909f56bfc062723c751e8b465ee728b)  -> (artifact id: 'f03fdc039931b453e589d0f5382da159') in 0.010469 seconds
Number of updated asset objects reloaded before import = 0
Number of asset objects unloaded after import = 1
========================================================================
Received Import Request.
  Time since last request: 0.000019 seconds.
  path: Assets/Materials/inner_dark.mat
  artifactKey: Guid(224c58d47872eb84190832f284399f69) Importer(815301076,1909f56bfc062723c751e8b465ee728b)
Start importing Assets/Materials/inner_dark.mat using Guid(224c58d47872eb84190832f284399f69) Importer(815301076,1909f56bfc062723c751e8b465ee728b)  -> (artifact id: '6ac8a48b75f3f05dd5f430fd3d8bed7f') in 0.010070 seconds
Number of updated asset objects reloaded before import = 0
Number of asset objects unloaded after import = 1
========================================================================
Received Import Request.
  Time since last request: 0.000016 seconds.
  path: Assets/Materials/hp_sparkle_1.mat
  artifactKey: Guid(f171a9c3210c34b47b294046cff12fbd) Importer(815301076,1909f56bfc062723c751e8b465ee728b)
Start importing Assets/Materials/hp_sparkle_1.mat using Guid(f171a9c3210c34b47b294046cff12fbd) Importer(815301076,1909f56bfc062723c751e8b465ee728b)  -> (artifact id: '5defd2ef09406b2df354cb238a31419a') in 0.010175 seconds
Number of updated asset objects reloaded before import = 0
Number of asset objects unloaded after import = 1
========================================================================
Received Import Request.
  Time since last request: 0.000022 seconds.
  path: Assets/Materials/defense_sparkle_1.mat
  artifactKey: Guid(3022099c87f036b449cbbb9a64d4b0b7) Importer(815301076,1909f56bfc062723c751e8b465ee728b)
Start importing Assets/Materials/defense_sparkle_1.mat using Guid(3022099c87f036b449cbbb9a64d4b0b7) Importer(815301076,1909f56bfc062723c751e8b465ee728b)  -> (artifact id: 'b94744b3ee9247a90a7d9b8b0b2f15db') in 0.009878 seconds
Number of updated asset objects reloaded before import = 0
Number of asset objects unloaded after import = 1
========================================================================
Received Import Request.
  Time since last request: 0.000018 seconds.
  path: Assets/Materials/inner_shape_2.mat
  artifactKey: Guid(f9615205b3f359d42a22b169a0a28dcc) Importer(815301076,1909f56bfc062723c751e8b465ee728b)
Start importing Assets/Materials/inner_shape_2.mat using Guid(f9615205b3f359d42a22b169a0a28dcc) Importer(815301076,1909f56bfc062723c751e8b465ee728b)  -> (artifact id: 'fd2aef13f7aa0c305340a1612bcf17c2') in 0.012138 seconds
Number of updated asset objects reloaded before import = 0
Number of asset objects unloaded after import = 1
========================================================================
Received Import Request.
  Time since last request: 0.000020 seconds.
  path: Assets/Materials/outer_attack_1.mat
  artifactKey: Guid(b63e7daaae0441646bb1d81a796a7dcb) Importer(815301076,1909f56bfc062723c751e8b465ee728b)
Start importing Assets/Materials/outer_attack_1.mat using Guid(b63e7daaae0441646bb1d81a796a7dcb) Importer(815301076,1909f56bfc062723c751e8b465ee728b)  -> (artifact id: 'cde15a8fa3fa8c08a6b6c580065c1aa4') in 0.010453 seconds
Number of updated asset objects reloaded before import = 0
Number of asset objects unloaded after import = 1
========================================================================
Received Import Request.
  Time since last request: 0.000051 seconds.
  path: Assets/Materials/epic_sparkle.mat
  artifactKey: Guid(f89cca37ad3609545a267d440fa34e06) Importer(815301076,1909f56bfc062723c751e8b465ee728b)
Start importing Assets/Materials/epic_sparkle.mat using Guid(f89cca37ad3609545a267d440fa34e06) Importer(815301076,1909f56bfc062723c751e8b465ee728b)  -> (artifact id: '17786a82ddb9c983d0706bb23340ed36') in 0.010159 seconds
Number of updated asset objects reloaded before import = 0
Number of asset objects unloaded after import = 1
========================================================================
Received Import Request.
  Time since last request: 0.000013 seconds.
  path: Assets/Materials/stamina_sparkle_2.mat
  artifactKey: Guid(882cb5392b2094b48b483c4862759827) Importer(815301076,1909f56bfc062723c751e8b465ee728b)
Start importing Assets/Materials/stamina_sparkle_2.mat using Guid(882cb5392b2094b48b483c4862759827) Importer(815301076,1909f56bfc062723c751e8b465ee728b)  -> (artifact id: '67b9766047f278a580f5644bbb33f564') in 0.010681 seconds
Number of updated asset objects reloaded before import = 0
Number of asset objects unloaded after import = 1
========================================================================
Received Import Request.
  Time since last request: 0.000026 seconds.
  path: Assets/Materials/mana_sparkle_3.mat
  artifactKey: Guid(c6d370fcad2601249a632c6d24a3ecde) Importer(815301076,1909f56bfc062723c751e8b465ee728b)
Start importing Assets/Materials/mana_sparkle_3.mat using Guid(c6d370fcad2601249a632c6d24a3ecde) Importer(815301076,1909f56bfc062723c751e8b465ee728b)  -> (artifact id: '3b317739aee38e69ba546fe310666a78') in 0.010693 seconds
Number of updated asset objects reloaded before import = 0
Number of asset objects unloaded after import = 1
========================================================================
Received Import Request.
  Time since last request: 0.000017 seconds.
  path: Assets/Materials/moveSpeed_sparkle_1.mat
  artifactKey: Guid(b6de83612b1776a4d8201042cfe00c0f) Importer(815301076,1909f56bfc062723c751e8b465ee728b)
Start importing Assets/Materials/moveSpeed_sparkle_1.mat using Guid(b6de83612b1776a4d8201042cfe00c0f) Importer(815301076,1909f56bfc062723c751e8b465ee728b)  -> (artifact id: '3f8ed689c52582f3488447da3a9675f5') in 0.009891 seconds
Number of updated asset objects reloaded before import = 0
Number of asset objects unloaded after import = 1
========================================================================
Received Import Request.
  Time since last request: 0.000017 seconds.
  path: Assets/Materials/outer_hp_2.mat
  artifactKey: Guid(93dee4daae6c2c94a8f7cb669d9d7c95) Importer(815301076,1909f56bfc062723c751e8b465ee728b)
Start importing Assets/Materials/outer_hp_2.mat using Guid(93dee4daae6c2c94a8f7cb669d9d7c95) Importer(815301076,1909f56bfc062723c751e8b465ee728b)  -> (artifact id: '502d3fba96697a92604b70e41d7d3885') in 0.009765 seconds
Number of updated asset objects reloaded before import = 0
Number of asset objects unloaded after import = 1
========================================================================
Received Prepare
Begin MonoManager ReloadAssembly
- Loaded All Assemblies, in  0.381 seconds
Refreshing native plugins compatible for Editor in 4.02 ms, found 3 plugins.
Native extension for WindowsStandalone target not found
Native extension for Android target not found
[Package Manager] Server::EnsureServerProcessIsRunning -- launch failed, reason: Unity was launched with the -noUpm command-line argument
[Package Manager] UpmClient::Send -- Unable to send message (not connected to UPM process).
[Package Manager] Cannot connect to Unity Package Manager local server
Mono: successfully reloaded assembly
- Finished resetting the current domain, in  0.690 seconds
Domain Reload Profiling: 1070ms
	BeginReloadAssembly (139ms)
		ExecutionOrderSort (0ms)
		DisableScriptedObjects (3ms)
		BackupInstance (0ms)
		ReleaseScriptingObjects (0ms)
		CreateAndSetChildDomain (34ms)
	RebuildCommonClasses (24ms)
	RebuildNativeTypeToScriptingClass (9ms)
	initialDomainReloadingComplete (23ms)
	LoadAllAssembliesAndSetupDomain (185ms)
		LoadAssemblies (230ms)
		RebuildTransferFunctionScriptingTraits (0ms)
		AnalyzeDomain (23ms)
			TypeCache.Refresh (10ms)
				TypeCache.ScanAssembly (1ms)
			ScanForSourceGeneratedMonoScriptInfo (6ms)
			ResolveRequiredComponents (6ms)
	FinalizeReload (691ms)
		ReleaseScriptCaches (0ms)
		RebuildScriptCaches (0ms)
		SetupLoadedEditorAssemblies (292ms)
			LogAssemblyErrors (0ms)
			InitializePlatformSupportModulesInManaged (19ms)
			SetLoadedEditorAssemblies (3ms)
			RefreshPlugins (0ms)
			BeforeProcessingInitializeOnLoad (45ms)
			ProcessInitializeOnLoadAttributes (203ms)
			ProcessInitializeOnLoadMethodAttributes (15ms)
			AfterProcessingInitializeOnLoad (6ms)
			EditorAssembliesLoaded (0ms)
		ExecutionOrderSort2 (0ms)
		AwakeInstancesAfterBackupRestoration (6ms)
Refreshing native plugins compatible for Editor in 4.65 ms, found 3 plugins.
Preloading 0 native plugins for Editor in 0.00 ms.
Unloading 3092 Unused Serialized files (Serialized files now loaded: 0)
Unloading 23 unused Assets / (31.1 KB). Loaded Objects now: 3611.
Memory consumption went from 128.5 MB to 128.4 MB.
Total: 5.204400 ms (FindLiveObjects: 0.250500 ms CreateObjectMapping: 0.098400 ms MarkObjects: 4.772300 ms  DeleteObjects: 0.081800 ms)

Prepare: number of updated asset objects reloaded= 0
AssetImportParameters requested are different than current active one (requested -> active):
  custom:container-demuxer-ogg: 62fdf1f143b41e24485cea50d1cbac27 -> 
  custom:video-decoder-ogg-theora: a1e56fd34408186e4bbccfd4996cb3dc -> 
  custom:framework-win-MediaFoundation: 216162199b28c13a410421893ffa2e32 -> 
  custom:CustomObjectIndexerAttribute: 6d391050e5a25f67b0a2c618074f2cd9 -> 
  custom:container-demuxer-webm: 4f35f7cbe854078d1ac9338744f61a02 -> 
  custom:container-muxer-webm: aa71ff27fc2769a1b78a27578f13a17b -> 
  custom:video-decoder-webm-vp8: 9c59270c3fd7afecdb556c50c9e8de78 -> 
  custom:SearchIndexIgnoredProperties: e643bd26f0fe6173181afceb89e7c659 -> 
  custom:AudioImporter_EditorPlatform: d09bf68614088b80899f8185d706f6e7 -> 
  custom:video-encoder-webm-vp8: eb34c28f22e8b96e1ab97ce403110664 -> 
  custom:audio-decoder-ogg-vorbis: bf7c407c2cedff20999df2af8eb42d56 -> 
  custom:audio-encoder-webm-vorbis: bf7c407c2cedff20999df2af8eb42d56 -> 
========================================================================
Received Import Request.
  Time since last request: 1968.327530 seconds.
  path: Assets/ModularFirstPersonController/FirstPersonController/FirstPersonController.prefab
  artifactKey: Guid(6bacecc4f3df9584198879c73a6b6c36) Importer(815301076,1909f56bfc062723c751e8b465ee728b)
Start importing Assets/ModularFirstPersonController/FirstPersonController/FirstPersonController.prefab using Guid(6bacecc4f3df9584198879c73a6b6c36) Importer(815301076,1909f56bfc062723c751e8b465ee728b)  -> (artifact id: '97c7489adddfc2a838119232e923412a') in 0.064946 seconds
Number of updated asset objects reloaded before import = 0
Number of asset objects unloaded after import = 36
